<?xml version="1.0" encoding="UTF-8"?>
<!-- Generated by org.testng.reporters.JUnitReportReporter -->
<testsuite hostname="DESKTOP-PD5DKQ2" failures="0" tests="1" name="Jenkin.TestngJenkienExample.TestGoogle" time="10.518" errors="0" timestamp="2024-11-05T16:44:17 IST" skipped="0">
  <testcase classname="Jenkin.TestngJenkienExample.TestGoogle" name="googleSearch" time="10.518"/>
</testsuite> <!-- Jenkin.TestngJenkienExample.TestGoogle -->
